[debug] [2026-04-16T16:48:11.371Z] ----------------------------------------------------------------------
[debug] [2026-04-16T16:48:11.379Z] Command:       C:\Program Files\nodejs\node.exe C:\Users\LG\AppData\Roaming\npm\node_modules\firebase-tools\lib\bin\firebase.js deploy --only hosting
[debug] [2026-04-16T16:48:11.380Z] CLI Version:   15.14.0
[debug] [2026-04-16T16:48:11.380Z] Platform:      win32
[debug] [2026-04-16T16:48:11.380Z] Node Version:  v24.12.0
[debug] [2026-04-16T16:48:11.382Z] Time:          Fri Apr 17 2026 01:48:11 GMT+0900 (대한민국 표준시)
[debug] [2026-04-16T16:48:11.383Z] ----------------------------------------------------------------------
[debug] 
[debug] [2026-04-16T16:48:11.389Z] >>> [apiv2][query] GET https://firebase-public.firebaseio.com/cli.json [none]
[debug] [2026-04-16T16:48:18.518Z] > command requires scopes: ["email","openid","https://www.googleapis.com/auth/cloudplatformprojects.readonly","https://www.googleapis.com/auth/firebase","https://www.googleapis.com/auth/cloud-platform"]
[debug] [2026-04-16T16:48:18.519Z] > authorizing via signed-in user (edupark1973@gmail.com)
[debug] [2026-04-16T16:48:18.519Z] [iam] checking project jyp-mentor for permissions ["firebase.projects.get","firebasehosting.sites.update"]
[debug] [2026-04-16T16:48:18.520Z] Checked if tokens are valid: false, expires at: 1776252609836
[debug] [2026-04-16T16:48:18.520Z] Checked if tokens are valid: false, expires at: 1776252609836
[debug] [2026-04-16T16:48:18.521Z] > refreshing access token with scopes: []
[debug] [2026-04-16T16:48:18.522Z] >>> [apiv2][query] POST https://www.googleapis.com/oauth2/v3/token [none]
[debug] [2026-04-16T16:48:18.522Z] >>> [apiv2][body] POST https://www.googleapis.com/oauth2/v3/token [omitted]
[debug] [2026-04-16T16:48:18.817Z] <<< [apiv2][status] POST https://www.googleapis.com/oauth2/v3/token 200
[debug] [2026-04-16T16:48:18.817Z] <<< [apiv2][body] POST https://www.googleapis.com/oauth2/v3/token [omitted]
[debug] [2026-04-16T16:48:18.833Z] >>> [apiv2][query] POST https://cloudresourcemanager.googleapis.com/v1/projects/jyp-mentor:testIamPermissions [none]
[debug] [2026-04-16T16:48:18.833Z] >>> [apiv2][(partial)header] POST https://cloudresourcemanager.googleapis.com/v1/projects/jyp-mentor:testIamPermissions  x-goog-user-project=jyp-mentor
[debug] [2026-04-16T16:48:18.833Z] >>> [apiv2][body] POST https://cloudresourcemanager.googleapis.com/v1/projects/jyp-mentor:testIamPermissions {"permissions":["firebase.projects.get","firebasehosting.sites.update"]}
[debug] [2026-04-16T16:48:19.035Z] <<< [apiv2][status] GET https://firebase-public.firebaseio.com/cli.json 200
[debug] [2026-04-16T16:48:19.035Z] <<< [apiv2][body] GET https://firebase-public.firebaseio.com/cli.json {"cloudBuildErrorAfter":1594252800000,"cloudBuildWarnAfter":1590019200000,"defaultNode10After":1594252800000,"minVersion":"3.0.5","node8DeploysDisabledAfter":1613390400000,"node8RuntimeDisabledAfter":1615809600000,"node8WarnAfter":1600128000000}
[debug] [2026-04-16T16:48:19.104Z] <<< [apiv2][status] POST https://cloudresourcemanager.googleapis.com/v1/projects/jyp-mentor:testIamPermissions 200
[debug] [2026-04-16T16:48:19.105Z] <<< [apiv2][body] POST https://cloudresourcemanager.googleapis.com/v1/projects/jyp-mentor:testIamPermissions {"permissions":["firebase.projects.get","firebasehosting.sites.update"]}
[debug] [2026-04-16T16:48:19.107Z] Checked if tokens are valid: true, expires at: 1776361697817
[debug] [2026-04-16T16:48:19.108Z] Checked if tokens are valid: true, expires at: 1776361697817
[debug] [2026-04-16T16:48:19.109Z] >>> [apiv2][query] GET https://firebase.googleapis.com/v1beta1/projects/jyp-mentor [none]
[debug] [2026-04-16T16:48:19.542Z] <<< [apiv2][status] GET https://firebase.googleapis.com/v1beta1/projects/jyp-mentor 200
[debug] [2026-04-16T16:48:19.542Z] <<< [apiv2][body] GET https://firebase.googleapis.com/v1beta1/projects/jyp-mentor {"projectId":"jyp-mentor","projectNumber":"355587772198","displayName":"EduFiles","name":"projects/jyp-mentor","resources":{"hostingSite":"jyp-mentor"},"state":"ACTIVE","etag":"1_e2bd4372-e100-4cb8-ad2b-98ce85351582"}
[debug] [2026-04-16T16:48:24.590Z] Checked if tokens are valid: true, expires at: 1776361697817
[debug] [2026-04-16T16:48:24.590Z] Checked if tokens are valid: true, expires at: 1776361697817
[debug] [2026-04-16T16:48:24.590Z] >>> [apiv2][query] GET https://firebasehosting.googleapis.com/v1beta1/projects/jyp-mentor/sites pageToken=&pageSize=10
[debug] [2026-04-16T16:48:25.773Z] <<< [apiv2][status] GET https://firebasehosting.googleapis.com/v1beta1/projects/jyp-mentor/sites 200
[debug] [2026-04-16T16:48:25.773Z] <<< [apiv2][body] GET https://firebasehosting.googleapis.com/v1beta1/projects/jyp-mentor/sites {"sites":[{"name":"projects/jyp-mentor/sites/jyp-mentor","defaultUrl":"https://jyp-mentor.web.app","type":"DEFAULT_SITE"}]}
[debug] [2026-04-16T16:48:25.774Z] Checked if tokens are valid: true, expires at: 1776361697817
[debug] [2026-04-16T16:48:25.774Z] Checked if tokens are valid: true, expires at: 1776361697817
[debug] [2026-04-16T16:48:25.774Z] >>> [apiv2][query] GET https://firebasehosting.googleapis.com/v1beta1/projects/jyp-mentor/sites 
[debug] [2026-04-16T16:48:26.479Z] <<< [apiv2][status] GET https://firebasehosting.googleapis.com/v1beta1/projects/jyp-mentor/sites 200
[debug] [2026-04-16T16:48:26.480Z] <<< [apiv2][body] GET https://firebasehosting.googleapis.com/v1beta1/projects/jyp-mentor/sites {"sites":[{"name":"projects/jyp-mentor/sites/jyp-mentor","defaultUrl":"https://jyp-mentor.web.app","type":"DEFAULT_SITE"}]}
[debug] [2026-04-16T16:48:26.480Z] Checked if tokens are valid: true, expires at: 1776361697817
[debug] [2026-04-16T16:48:26.481Z] Checked if tokens are valid: true, expires at: 1776361697817
[debug] [2026-04-16T16:48:26.481Z] >>> [apiv2][query] GET https://firebase.googleapis.com/v1beta1/projects/jyp-mentor/webApps/-/config [none]
[debug] [2026-04-16T16:48:27.383Z] <<< [apiv2][status] GET https://firebase.googleapis.com/v1beta1/projects/jyp-mentor/webApps/-/config 200
[debug] [2026-04-16T16:48:27.384Z] <<< [apiv2][body] GET https://firebase.googleapis.com/v1beta1/projects/jyp-mentor/webApps/-/config {"projectId":"jyp-mentor","appId":"1:355587772198:web:163189a8e3c9e3795cfbe7","storageBucket":"jyp-mentor.firebasestorage.app","apiKey":"AIzaSyDXIZv1G3UroePQrFCGoNZHhOo-Mtoa7y0","authDomain":"jyp-mentor.firebaseapp.com","messagingSenderId":"355587772198","projectNumber":"355587772198","version":"2"}
[info] 
   Thank you for trying our early preview of Next.js support on Firebase Hosting.
   During the preview, support is best-effort and breaking changes can be expected. Proceed with caution.
   The integration is known to work with Next.js version 12 - 15.0. You may encounter errors.

   Documentation: https://firebase.google.com/docs/hosting/frameworks/nextjs
   File a bug: https://github.com/firebase/firebase-tools/issues/new?template=bug_report.md
   Submit a feature request: https://github.com/firebase/firebase-tools/issues/new?template=feature_request.md

   We'd love to learn from you. Express your interest in helping us shape the future of Firebase Hosting: https://goo.gle/41enW5X

[debug] [2026-04-16T16:48:40.871Z] Checked if tokens are valid: true, expires at: 1776361697817
[debug] [2026-04-16T16:48:40.872Z] Checked if tokens are valid: true, expires at: 1776361697817
[debug] [2026-04-16T16:48:40.872Z] >>> [apiv2][query] GET https://firebasehosting.googleapis.com/v1beta1/projects/jyp-mentor/sites/jyp-mentor [none]
[debug] [2026-04-16T16:48:41.820Z] <<< [apiv2][status] GET https://firebasehosting.googleapis.com/v1beta1/projects/jyp-mentor/sites/jyp-mentor 200
[debug] [2026-04-16T16:48:41.820Z] <<< [apiv2][body] GET https://firebasehosting.googleapis.com/v1beta1/projects/jyp-mentor/sites/jyp-mentor {"name":"projects/jyp-mentor/sites/jyp-mentor","defaultUrl":"https://jyp-mentor.web.app","type":"DEFAULT_SITE"}
[info] ▲ Next.js 16.2.3 (Turbopack)

[info] - Environments: .env.local, .env.production


[info]   Creating an optimized production build ...

[info] ✓ Compiled successfully in 31.4s

[info]   Running TypeScript ...

[info]   Finished TypeScript in 38.3s ...

[info]   Collecting page data using 3 workers ...

[info]   Generating static pages using 3 workers (0/14) ...

[info]   Generating static pages using 3 workers (3/14) 

[info]   Generating static pages using 3 workers (6/14) 

[info]   Generating static pages using 3 workers (10/14) 

[info] ✓ Generating static pages using 3 workers (14/14) in 1439ms

[info]   Finalizing page optimization ...

[info] 

[info] Route (app)
┌ ○ /
├ ○ /_not-found
├ ○ /admin/mentoring
├ ○ /admin/users
├ ƒ /api/calendar
├ ○ /lecture/live
├ ○ /mentoring
├ ○ /poll/live
├ ○ /poll/manager
├ ○ /poll/vote
├ ○ /qna
└ ○ /survey


[info] 
○  (Static)   prerendered as static content
ƒ  (Dynamic)  server-rendered on demand


[info] Building a Cloud Function to run this application. This is needed due to:
[info]  • non-static component /api/calendar/route
[info] 
[debug] [2026-04-16T16:50:27.705Z] Checked if tokens are valid: true, expires at: 1776361697817
[debug] [2026-04-16T16:50:27.705Z] Checked if tokens are valid: true, expires at: 1776361697817
[debug] [2026-04-16T16:50:27.706Z] >>> [apiv2][query] GET https://firebasehosting.googleapis.com/v1beta1/projects/jyp-mentor/sites/jyp-mentor [none]
[debug] [2026-04-16T16:50:29.020Z] <<< [apiv2][status] GET https://firebasehosting.googleapis.com/v1beta1/projects/jyp-mentor/sites/jyp-mentor 200
[debug] [2026-04-16T16:50:29.020Z] <<< [apiv2][body] GET https://firebasehosting.googleapis.com/v1beta1/projects/jyp-mentor/sites/jyp-mentor {"name":"projects/jyp-mentor/sites/jyp-mentor","defaultUrl":"https://jyp-mentor.web.app","type":"DEFAULT_SITE"}
[debug] [2026-04-16T16:51:04.565Z] [web frameworks] effective firebase.json:  {
  "hosting": [
    {
      "source": ".",
      "ignore": [
        "firebase.json",
        "**/.*",
        "**/node_modules/**"
      ],
      "frameworksBackend": {},
      "site": "jyp-mentor",
      "rewrites": [
        {
          "source": "**",
          "function": {
            "functionId": "ssrjypmentor",
            "region": "us-central1",
            "pinTag": true
          }
        }
      ],
      "redirects": [],
      "headers": [
        {
          "source": "/_global-error",
          "headers": [
            {
              "key": "x-nextjs-stale-time",
              "value": "300"
            },
            {
              "key": "x-nextjs-prerender",
              "value": "1"
            },
            {
              "key": "x-next-cache-tags",
              "value": "_N_T_/layout,_N_T_/_global-error/layout,_N_T_/_global-error/page,_N_T_/_global-error"
            }
          ]
        },
        {
          "source": "/admin/mentoring",
          "headers": [
            {
              "key": "x-nextjs-stale-time",
              "value": "300"
            },
            {
              "key": "x-nextjs-prerender",
              "value": "1"
            },
            {
              "key": "x-next-cache-tags",
              "value": "_N_T_/layout,_N_T_/admin/layout,_N_T_/admin/mentoring/layout,_N_T_/admin/mentoring/page,_N_T_/admin/mentoring"
            }
          ]
        },
        {
          "source": "/_not-found",
          "headers": [
            {
              "key": "x-nextjs-stale-time",
              "value": "300"
            },
            {
              "key": "x-nextjs-prerender",
              "value": "1"
            },
            {
              "key": "x-next-cache-tags",
              "value": "_N_T_/layout,_N_T_/_not-found/layout,_N_T_/_not-found/page,_N_T_/_not-found"
            }
          ]
        },
        {
          "source": "/admin/users",
          "headers": [
            {
              "key": "x-nextjs-stale-time",
              "value": "300"
            },
            {
              "key": "x-nextjs-prerender",
              "value": "1"
            },
            {
              "key": "x-next-cache-tags",
              "value": "_N_T_/layout,_N_T_/admin/layout,_N_T_/admin/users/layout,_N_T_/admin/users/page,_N_T_/admin/users"
            }
          ]
        },
        {
          "source": "/favicon.ico",
          "headers": [
            {
              "key": "cache-control",
              "value": "public, max-age=0, must-revalidate"
            },
            {
              "key": "content-type",
              "value": "image/x-icon"
            },
            {
              "key": "x-next-cache-tags",
              "value": "_N_T_/layout,_N_T_/favicon.ico/layout,_N_T_/favicon.ico/route,_N_T_/favicon.ico/"
            }
          ]
        },
        {
          "source": "/lecture/live",
          "headers": [
            {
              "key": "x-nextjs-stale-time",
              "value": "300"
            },
            {
              "key": "x-nextjs-prerender",
              "value": "1"
            },
            {
              "key": "x-next-cache-tags",
              "value": "_N_T_/layout,_N_T_/lecture/layout,_N_T_/lecture/live/layout,_N_T_/lecture/live/page,_N_T_/lecture/live"
            }
          ]
        },
        {
          "source": "/poll/live",
          "headers": [
            {
              "key": "x-nextjs-stale-time",
              "value": "300"
            },
            {
              "key": "x-nextjs-prerender",
              "value": "1"
            },
            {
              "key": "x-next-cache-tags",
              "value": "_N_T_/layout,_N_T_/poll/layout,_N_T_/poll/live/layout,_N_T_/poll/live/page,_N_T_/poll/live"
            }
          ]
        },
        {
          "source": "/mentoring",
          "headers": [
            {
              "key": "x-nextjs-stale-time",
              "value": "300"
            },
            {
              "key": "x-nextjs-prerender",
              "value": "1"
            },
            {
              "key": "x-next-cache-tags",
              "value": "_N_T_/layout,_N_T_/mentoring/layout,_N_T_/mentoring/page,_N_T_/mentoring"
            }
          ]
        },
        {
          "source": "/poll/manager",
          "headers": [
            {
              "key": "x-nextjs-stale-time",
              "value": "300"
            },
            {
              "key": "x-nextjs-prerender",
              "value": "1"
            },
            {
              "key": "x-next-cache-tags",
              "value": "_N_T_/layout,_N_T_/poll/layout,_N_T_/poll/manager/layout,_N_T_/poll/manager/page,_N_T_/poll/manager"
            }
          ]
        },
        {
          "source": "/qna",
          "headers": [
            {
              "key": "x-nextjs-stale-time",
              "value": "300"
            },
            {
              "key": "x-nextjs-prerender",
              "value": "1"
            },
            {
              "key": "x-next-cache-tags",
              "value": "_N_T_/layout,_N_T_/qna/layout,_N_T_/qna/page,_N_T_/qna"
            }
          ]
        },
        {
          "source": "/poll/vote",
          "headers": [
            {
              "key": "x-nextjs-stale-time",
              "value": "300"
            },
            {
              "key": "x-nextjs-prerender",
              "value": "1"
            },
            {
              "key": "x-next-cache-tags",
              "value": "_N_T_/layout,_N_T_/poll/layout,_N_T_/poll/vote/layout,_N_T_/poll/vote/page,_N_T_/poll/vote"
            }
          ]
        },
        {
          "source": "/survey",
          "headers": [
            {
              "key": "x-nextjs-stale-time",
              "value": "300"
            },
            {
              "key": "x-nextjs-prerender",
              "value": "1"
            },
            {
              "key": "x-next-cache-tags",
              "value": "_N_T_/layout,_N_T_/survey/layout,_N_T_/survey/page,_N_T_/survey"
            }
          ]
        },
        {
          "source": "**/*.[jt]s",
          "headers": [
            {
              "key": "Set-Cookie",
              "value": "__FIREBASE_DEFAULTS__=eyJjb25maWciOnsicHJvamVjdElkIjoianlwLW1lbnRvciIsImFwcElkIjoiMTozNTU1ODc3NzIxOTg6d2ViOjE2MzE4OWE4ZTNjOWUzNzk1Y2ZiZTciLCJzdG9yYWdlQnVja2V0IjoianlwLW1lbnRvci5maXJlYmFzZXN0b3JhZ2UuYXBwIiwiYXBpS2V5IjoiQUl6YVN5RFhJWnYxRzNVcm9lUFFyRkNHb05aSGhPby1NdG9hN3kwIiwiYXV0aERvbWFpbiI6Imp5cC1tZW50b3IuZmlyZWJhc2VhcHAuY29tIiwibWVzc2FnaW5nU2VuZGVySWQiOiIzNTU1ODc3NzIxOTgiLCJwcm9qZWN0TnVtYmVyIjoiMzU1NTg3NzcyMTk4IiwidmVyc2lvbiI6IjIifSwiX2F1dGhUb2tlblN5bmNVUkwiOiIvX19zZXNzaW9uIn0; SameSite=Strict; Expires=2028-03-11T03:31:04.565Z; Path=/;"
            }
          ]
        }
      ],
      "cleanUrls": true,
      "trailingSlash": true,
      "public": ".firebase\\jyp-mentor\\hosting",
      "webFramework": "next_ssr"
    }
  ],
  "functions": [
    {
      "source": ".firebase\\jyp-mentor\\functions",
      "codebase": "firebase-frameworks-jyp-mentor"
    }
  ]
}
[debug] [2026-04-16T16:51:04.566Z] > command requires scopes: ["email","openid","https://www.googleapis.com/auth/cloudplatformprojects.readonly","https://www.googleapis.com/auth/firebase","https://www.googleapis.com/auth/cloud-platform"]
[debug] [2026-04-16T16:51:04.567Z] > authorizing via signed-in user (edupark1973@gmail.com)
[debug] [2026-04-16T16:51:04.567Z] [iam] checking project jyp-mentor for permissions ["cloudfunctions.functions.create","cloudfunctions.functions.delete","cloudfunctions.functions.get","cloudfunctions.functions.list","cloudfunctions.functions.update","cloudfunctions.operations.get","firebase.projects.get"]
[debug] [2026-04-16T16:51:04.567Z] Checked if tokens are valid: true, expires at: 1776361697817
[debug] [2026-04-16T16:51:04.567Z] Checked if tokens are valid: true, expires at: 1776361697817
[debug] [2026-04-16T16:51:04.567Z] >>> [apiv2][query] POST https://cloudresourcemanager.googleapis.com/v1/projects/jyp-mentor:testIamPermissions [none]
[debug] [2026-04-16T16:51:04.567Z] >>> [apiv2][(partial)header] POST https://cloudresourcemanager.googleapis.com/v1/projects/jyp-mentor:testIamPermissions  x-goog-user-project=jyp-mentor
[debug] [2026-04-16T16:51:04.567Z] >>> [apiv2][body] POST https://cloudresourcemanager.googleapis.com/v1/projects/jyp-mentor:testIamPermissions {"permissions":["cloudfunctions.functions.create","cloudfunctions.functions.delete","cloudfunctions.functions.get","cloudfunctions.functions.list","cloudfunctions.functions.update","cloudfunctions.operations.get","firebase.projects.get"]}
[debug] [2026-04-16T16:51:05.491Z] <<< [apiv2][status] POST https://cloudresourcemanager.googleapis.com/v1/projects/jyp-mentor:testIamPermissions 200
[debug] [2026-04-16T16:51:05.491Z] <<< [apiv2][body] POST https://cloudresourcemanager.googleapis.com/v1/projects/jyp-mentor:testIamPermissions {"permissions":["cloudfunctions.functions.create","cloudfunctions.functions.delete","cloudfunctions.functions.get","cloudfunctions.functions.list","cloudfunctions.functions.update","cloudfunctions.operations.get","firebase.projects.get"]}
[debug] [2026-04-16T16:51:05.495Z] Checked if tokens are valid: true, expires at: 1776361697817
[debug] [2026-04-16T16:51:05.496Z] Checked if tokens are valid: true, expires at: 1776361697817
[debug] [2026-04-16T16:51:05.496Z] >>> [apiv2][query] GET https://cloudfunctions.googleapis.com/v1/projects/jyp-mentor/locations/-/functions [none]
[debug] [2026-04-16T16:51:06.205Z] <<< [apiv2][status] GET https://cloudfunctions.googleapis.com/v1/projects/jyp-mentor/locations/-/functions 200
[debug] [2026-04-16T16:51:06.205Z] <<< [apiv2][body] GET https://cloudfunctions.googleapis.com/v1/projects/jyp-mentor/locations/-/functions {}
[debug] [2026-04-16T16:51:06.206Z] Checked if tokens are valid: true, expires at: 1776361697817
[debug] [2026-04-16T16:51:06.206Z] Checked if tokens are valid: true, expires at: 1776361697817
[debug] [2026-04-16T16:51:06.207Z] >>> [apiv2][query] GET https://cloudfunctions.googleapis.com/v2/projects/jyp-mentor/locations/-/functions filter=environment%3D%22GEN_2%22
[debug] [2026-04-16T16:51:07.739Z] <<< [apiv2][status] GET https://cloudfunctions.googleapis.com/v2/projects/jyp-mentor/locations/-/functions 200
[debug] [2026-04-16T16:51:07.739Z] <<< [apiv2][body] GET https://cloudfunctions.googleapis.com/v2/projects/jyp-mentor/locations/-/functions {"functions":[{"name":"projects/jyp-mentor/locations/us-central1/functions/ssrjypmentor","buildConfig":{"build":"projects/355587772198/locations/us-central1/builds/8d2658e7-83e7-48a4-9696-6ae37e0a849b","runtime":"nodejs20","entryPoint":"ssrjypmentor","source":{"storageSource":{"bucket":"gcf-v2-sources-355587772198-us-central1","object":"ssrjypmentor/function-source.zip","generation":"1776343453904713"}},"environmentVariables":{"GOOGLE_NODE_RUN_SCRIPTS":""},"dockerRepository":"projects/jyp-mentor/locations/us-central1/repositories/gcf-artifacts","sourceProvenance":{"resolvedStorageSource":{"bucket":"gcf-v2-sources-355587772198-us-central1","object":"ssrjypmentor/function-source.zip","generation":"1776343453904713"}},"dockerRegistry":"ARTIFACT_REGISTRY","serviceAccount":"projects/jyp-mentor/serviceAccounts/355587772198-compute@developer.gserviceaccount.com","automaticUpdatePolicy":{}},"serviceConfig":{"service":"projects/jyp-mentor/locations/us-central1/services/ssrjypmentor","timeoutSeconds":60,"environmentVariables":{"VERCEL_URL":"jyp-mentor.web.app","__FIREBASE_FRAMEWORKS_ENTRY__":"next.js","__FIREBASE_DEFAULTS__":"{\"config\":{\"projectId\":\"jyp-mentor\",\"appId\":\"1:355587772198:web:163189a8e3c9e3795cfbe7\",\"storageBucket\":\"jyp-mentor.firebasestorage.app\",\"apiKey\":\"AIzaSyDXIZv1G3UroePQrFCGoNZHhOo-Mtoa7y0\",\"authDomain\":\"jyp-mentor.firebaseapp.com\",\"messagingSenderId\":\"355587772198\",\"projectNumber\":\"355587772198\",\"version\":\"2\"},\"_authTokenSyncURL\":\"/__session\"}","FIREBASE_CONFIG":"{\"projectId\":\"jyp-mentor\",\"storageBucket\":\"jyp-mentor.firebasestorage.app\"}","GCLOUD_PROJECT":"jyp-mentor","EVENTARC_CLOUD_EVENT_SOURCE":"projects/jyp-mentor/locations/us-central1/services/ssrjypmentor","FUNCTION_TARGET":"ssrjypmentor","LOG_EXECUTION_ID":"true"},"maxInstanceCount":20,"ingressSettings":"ALLOW_ALL","uri":"https://ssrjypmentor-rdvvv7vxra-uc.a.run.app","serviceAccountEmail":"355587772198-compute@developer.gserviceaccount.com","availableMemory":"256Mi","allTrafficOnLatestRevision":true,"revision":"ssrjypmentor-00028-xad","maxInstanceRequestConcurrency":80,"availableCpu":"1"},"state":"ACTIVE","updateTime":"2026-04-16T16:40:58.204243379Z","labels":{"deployment-tool":"cli-firebase","firebase-functions-codebase":"firebase-frameworks-jyp-mentor","firebase-functions-hash":"92d83f67f49b6cc81990b19dd7d182e05d28d98a"},"environment":"GEN_2","url":"https://us-central1-jyp-mentor.cloudfunctions.net/ssrjypmentor","createTime":"2026-04-15T07:13:49.897026665Z","satisfiesPzi":true}]}
[info] i  hosting: The following function(s) are pinned to site jyp-mentor and will be deployed as well: ssrjypmentor 
[info] 
[info] === Deploying to 'jyp-mentor'...
[info] 
[info] i  deploying functions, hosting 
[debug] [2026-04-16T16:51:07.759Z] Checked if tokens are valid: true, expires at: 1776361697817
[debug] [2026-04-16T16:51:07.760Z] Checked if tokens are valid: true, expires at: 1776361697817
[debug] [2026-04-16T16:51:07.760Z] >>> [apiv2][query] GET https://cloudresourcemanager.googleapis.com/v1/projects/jyp-mentor [none]
[debug] [2026-04-16T16:51:08.001Z] <<< [apiv2][status] GET https://cloudresourcemanager.googleapis.com/v1/projects/jyp-mentor 200
[debug] [2026-04-16T16:51:08.002Z] <<< [apiv2][body] GET https://cloudresourcemanager.googleapis.com/v1/projects/jyp-mentor {"projectNumber":"355587772198","projectId":"jyp-mentor","lifecycleState":"ACTIVE","name":"EduFiles","labels":{"firebase":"enabled","firebase-core":"disabled"},"createTime":"2026-04-11T11:27:21.900Z"}
[info] i  functions: preparing codebase firebase-frameworks-jyp-mentor for deployment 
[info] i  functions: ensuring required API cloudfunctions.googleapis.com is enabled... 
[info] i  functions: ensuring required API cloudbuild.googleapis.com is enabled... 
[info] i  artifactregistry: ensuring required API artifactregistry.googleapis.com is enabled... 
[debug] [2026-04-16T16:51:08.018Z] Checked if tokens are valid: true, expires at: 1776361697817
[debug] [2026-04-16T16:51:08.018Z] Checked if tokens are valid: true, expires at: 1776361697817
[debug] [2026-04-16T16:51:08.019Z] >>> [apiv2][query] GET https://firebase.googleapis.com/v1beta1/projects/jyp-mentor/adminSdkConfig [none]
[debug] [2026-04-16T16:51:08.740Z] <<< [apiv2][status] GET https://firebase.googleapis.com/v1beta1/projects/jyp-mentor/adminSdkConfig 200
[debug] [2026-04-16T16:51:08.740Z] <<< [apiv2][body] GET https://firebase.googleapis.com/v1beta1/projects/jyp-mentor/adminSdkConfig {"projectId":"jyp-mentor","storageBucket":"jyp-mentor.firebasestorage.app"}
[debug] [2026-04-16T16:51:08.742Z] Checked if tokens are valid: true, expires at: 1776361697817
[debug] [2026-04-16T16:51:08.742Z] Checked if tokens are valid: true, expires at: 1776361697817
[debug] [2026-04-16T16:51:08.744Z] >>> [apiv2][query] GET https://runtimeconfig.googleapis.com/v1beta1/projects/jyp-mentor/configs [none]
[debug] [2026-04-16T16:51:09.334Z] <<< [apiv2][status] GET https://runtimeconfig.googleapis.com/v1beta1/projects/jyp-mentor/configs 200
[debug] [2026-04-16T16:51:09.334Z] <<< [apiv2][body] GET https://runtimeconfig.googleapis.com/v1beta1/projects/jyp-mentor/configs {}
[debug] [2026-04-16T16:51:09.345Z] Validating nodejs source
[warn] !  functions: package.json indicates an outdated version of firebase-functions. Please upgrade using npm install --save firebase-functions@latest in your functions directory. 
[warn] !  functions: Please note that there will be breaking changes when you upgrade. 
[debug] [2026-04-16T16:51:11.536Z] > [functions] package.json contents: {
  "name": "mentor",
  "version": "0.1.0",
  "private": true,
  "dependencies": {
    "firebase": "^12.12.0",
    "googleapis": "^171.4.0",
    "lucide-react": "^1.8.0",
    "next": "16.2.3",
    "qrcode.react": "^4.2.0",
    "react": "19.2.4",
    "react-dom": "19.2.4",
    "zustand": "^5.0.12",
    "firebase-frameworks": "^0.11.0",
    "firebase-functions": "^6.0.1",
    "firebase-admin": "^11.11.1"
  },
  "main": "server.js",
  "engines": {
    "node": "24"
  }
}
[debug] [2026-04-16T16:51:11.536Z] Building nodejs source
[info] i  functions: Loading and analyzing source code for codebase firebase-frameworks-jyp-mentor to determine what to deploy 
[debug] [2026-04-16T16:51:11.541Z] Could not find functions.yaml. Must use http discovery
[debug] [2026-04-16T16:51:11.565Z] Found firebase-functions binary at 'C:\dev\mentor\.firebase\jyp-mentor\functions\node_modules\.bin\firebase-functions'
[info] Serving at port 8088

[debug] [2026-04-16T16:51:13.831Z] Got response from /__/functions.yaml {"endpoints":{"ssrjypmentor":{"availableMemoryMb":null,"timeoutSeconds":null,"minInstances":null,"maxInstances":null,"ingressSettings":null,"concurrency":null,"serviceAccountEmail":null,"vpc":null,"platform":"gcfv2","labels":{},"httpsTrigger":{},"entryPoint":"ssrjypmentor"}},"specVersion":"v1alpha1","requiredAPIs":[],"extensions":{}}
[info] i  extensions: ensuring required API firebaseextensions.googleapis.com is enabled... 
[debug] [2026-04-16T16:51:17.976Z] > command requires scopes: ["email","openid","https://www.googleapis.com/auth/cloudplatformprojects.readonly","https://www.googleapis.com/auth/firebase","https://www.googleapis.com/auth/cloud-platform"]
[debug] [2026-04-16T16:51:17.977Z] > authorizing via signed-in user (edupark1973@gmail.com)
[debug] [2026-04-16T16:51:17.977Z] [iam] checking project jyp-mentor for permissions ["firebase.projects.get","firebaseextensions.instances.list"]
[debug] [2026-04-16T16:51:17.977Z] Checked if tokens are valid: true, expires at: 1776361697817
[debug] [2026-04-16T16:51:17.978Z] Checked if tokens are valid: true, expires at: 1776361697817
[debug] [2026-04-16T16:51:17.978Z] >>> [apiv2][query] POST https://cloudresourcemanager.googleapis.com/v1/projects/jyp-mentor:testIamPermissions [none]
[debug] [2026-04-16T16:51:17.978Z] >>> [apiv2][(partial)header] POST https://cloudresourcemanager.googleapis.com/v1/projects/jyp-mentor:testIamPermissions  x-goog-user-project=jyp-mentor
[debug] [2026-04-16T16:51:17.978Z] >>> [apiv2][body] POST https://cloudresourcemanager.googleapis.com/v1/projects/jyp-mentor:testIamPermissions {"permissions":["firebase.projects.get","firebaseextensions.instances.list"]}
[debug] [2026-04-16T16:51:18.502Z] <<< [apiv2][status] POST https://cloudresourcemanager.googleapis.com/v1/projects/jyp-mentor:testIamPermissions 200
[debug] [2026-04-16T16:51:18.502Z] <<< [apiv2][body] POST https://cloudresourcemanager.googleapis.com/v1/projects/jyp-mentor:testIamPermissions {"permissions":["firebase.projects.get","firebaseextensions.instances.list"]}
[debug] [2026-04-16T16:51:18.503Z] Checked if tokens are valid: true, expires at: 1776361697817
[debug] [2026-04-16T16:51:18.503Z] Checked if tokens are valid: true, expires at: 1776361697817
[debug] [2026-04-16T16:51:18.503Z] >>> [apiv2][query] GET https://firebaseextensions.googleapis.com/v1beta/projects/jyp-mentor/instances pageSize=100&pageToken=
[debug] [2026-04-16T16:51:19.508Z] <<< [apiv2][status] GET https://firebaseextensions.googleapis.com/v1beta/projects/jyp-mentor/instances 200
[debug] [2026-04-16T16:51:19.508Z] <<< [apiv2][body] GET https://firebaseextensions.googleapis.com/v1beta/projects/jyp-mentor/instances {}
[info] i  functions: Loaded environment variables from .env. 
[info] i  functions: preparing .firebase\jyp-mentor\functions directory for uploading... 
[info] i  functions: packaged C:\dev\mentor\.firebase\jyp-mentor\functions (276.76 MB) for uploading 
[info] i  functions: ensuring required API run.googleapis.com is enabled... 
[info] i  functions: ensuring required API eventarc.googleapis.com is enabled... 
[info] i  functions: ensuring required API pubsub.googleapis.com is enabled... 
[info] i  functions: ensuring required API storage.googleapis.com is enabled... 
[info] i  functions: generating the service identity for pubsub.googleapis.com... 
[debug] [2026-04-16T16:51:43.677Z] Checked if tokens are valid: true, expires at: 1776361697817
[debug] [2026-04-16T16:51:43.677Z] Checked if tokens are valid: true, expires at: 1776361697817
[info] i  functions: generating the service identity for eventarc.googleapis.com... 
[debug] [2026-04-16T16:51:43.677Z] Checked if tokens are valid: true, expires at: 1776361697817
[debug] [2026-04-16T16:51:43.677Z] Checked if tokens are valid: true, expires at: 1776361697817
[debug] [2026-04-16T16:51:43.677Z] >>> [apiv2][query] POST https://serviceusage.googleapis.com/v1beta1/projects/355587772198/services/pubsub.googleapis.com:generateServiceIdentity [none]
[debug] [2026-04-16T16:51:43.678Z] >>> [apiv2][(partial)header] POST https://serviceusage.googleapis.com/v1beta1/projects/355587772198/services/pubsub.googleapis.com:generateServiceIdentity  x-goog-user-project=355587772198
[debug] [2026-04-16T16:51:43.678Z] >>> [apiv2][body] POST https://serviceusage.googleapis.com/v1beta1/projects/355587772198/services/pubsub.googleapis.com:generateServiceIdentity {}
[debug] [2026-04-16T16:51:43.680Z] >>> [apiv2][query] POST https://serviceusage.googleapis.com/v1beta1/projects/355587772198/services/eventarc.googleapis.com:generateServiceIdentity [none]
[debug] [2026-04-16T16:51:43.680Z] >>> [apiv2][(partial)header] POST https://serviceusage.googleapis.com/v1beta1/projects/355587772198/services/eventarc.googleapis.com:generateServiceIdentity  x-goog-user-project=355587772198
[debug] [2026-04-16T16:51:43.680Z] >>> [apiv2][body] POST https://serviceusage.googleapis.com/v1beta1/projects/355587772198/services/eventarc.googleapis.com:generateServiceIdentity {}
[debug] [2026-04-16T16:51:45.074Z] <<< [apiv2][status] POST https://serviceusage.googleapis.com/v1beta1/projects/355587772198/services/pubsub.googleapis.com:generateServiceIdentity 200
[debug] [2026-04-16T16:51:45.075Z] <<< [apiv2][body] POST https://serviceusage.googleapis.com/v1beta1/projects/355587772198/services/pubsub.googleapis.com:generateServiceIdentity {"name":"operations/finished.DONE_OPERATION","done":true,"response":{"@type":"type.googleapis.com/google.api.serviceusage.v1beta1.ServiceIdentity","email":"service-355587772198@gcp-sa-pubsub.iam.gserviceaccount.com","uniqueId":"117784913149891527887"}}
[debug] [2026-04-16T16:51:45.078Z] <<< [apiv2][status] POST https://serviceusage.googleapis.com/v1beta1/projects/355587772198/services/eventarc.googleapis.com:generateServiceIdentity 200
[debug] [2026-04-16T16:51:45.079Z] <<< [apiv2][body] POST https://serviceusage.googleapis.com/v1beta1/projects/355587772198/services/eventarc.googleapis.com:generateServiceIdentity {"name":"operations/finished.DONE_OPERATION","done":true,"response":{"@type":"type.googleapis.com/google.api.serviceusage.v1beta1.ServiceIdentity","email":"service-355587772198@gcp-sa-eventarc.iam.gserviceaccount.com","uniqueId":"115710313573342679961"}}
[debug] [2026-04-16T16:51:45.093Z] Checked if tokens are valid: true, expires at: 1776361697817
[debug] [2026-04-16T16:51:45.093Z] Checked if tokens are valid: true, expires at: 1776361697817
[debug] [2026-04-16T16:51:45.093Z] >>> [apiv2][query] GET https://cloudresourcemanager.googleapis.com/v1/projects/jyp-mentor [none]
[debug] [2026-04-16T16:51:45.357Z] <<< [apiv2][status] GET https://cloudresourcemanager.googleapis.com/v1/projects/jyp-mentor 200
[debug] [2026-04-16T16:51:45.357Z] <<< [apiv2][body] GET https://cloudresourcemanager.googleapis.com/v1/projects/jyp-mentor {"projectNumber":"355587772198","projectId":"jyp-mentor","lifecycleState":"ACTIVE","name":"EduFiles","labels":{"firebase":"enabled","firebase-core":"disabled"},"createTime":"2026-04-11T11:27:21.900Z"}
[debug] [2026-04-16T16:51:45.358Z] Checked if tokens are valid: true, expires at: 1776361697817
[debug] [2026-04-16T16:51:45.358Z] Checked if tokens are valid: true, expires at: 1776361697817
[debug] [2026-04-16T16:51:45.358Z] >>> [apiv2][query] GET https://compute.googleapis.com/compute/v1/projects/355587772198 [none]
[debug] [2026-04-16T16:51:45.786Z] <<< [apiv2][status] GET https://compute.googleapis.com/compute/v1/projects/355587772198 403
[debug] [2026-04-16T16:51:45.787Z] <<< [apiv2][body] GET https://compute.googleapis.com/compute/v1/projects/355587772198 {"error":{"code":403,"message":"Compute Engine API has not been used in project 355587772198 before or it is disabled. Enable it by visiting https://console.developers.google.com/apis/api/compute.googleapis.com/overview?project=355587772198 then retry. If you enabled this API recently, wait a few minutes for the action to propagate to our systems and retry.","errors":[{"message":"Compute Engine API has not been used in project 355587772198 before or it is disabled. Enable it by visiting https://console.developers.google.com/apis/api/compute.googleapis.com/overview?project=355587772198 then retry. If you enabled this API recently, wait a few minutes for the action to propagate to our systems and retry.","domain":"usageLimits","reason":"accessNotConfigured","extendedHelp":"https://console.developers.google.com"}],"status":"PERMISSION_DENIED","details":[{"@type":"type.googleapis.com/google.rpc.ErrorInfo","reason":"SERVICE_DISABLED","domain":"googleapis.com","metadata":{"serviceTitle":"Compute Engine API","activationUrl":"https://console.developers.google.com/apis/api/compute.googleapis.com/overview?project=355587772198","service":"compute.googleapis.com","containerInfo":"355587772198","consumer":"projects/355587772198"}},{"@type":"type.googleapis.com/google.rpc.LocalizedMessage","locale":"en-US","message":"Compute Engine API has not been used in project 355587772198 before or it is disabled. Enable it by visiting https://console.developers.google.com/apis/api/compute.googleapis.com/overview?project=355587772198 then retry. If you enabled this API recently, wait a few minutes for the action to propagate to our systems and retry."},{"@type":"type.googleapis.com/google.rpc.Help","links":[{"description":"Google developers console API activation","url":"https://console.developers.google.com/apis/api/compute.googleapis.com/overview?project=355587772198"}]}]}}
[debug] [2026-04-16T16:51:45.796Z] unable to look up default compute service account. Falling back to 355587772198-compute@developer.gserviceaccount.com. Error: {"name":"FirebaseError","children":[],"context":{"body":{"error":{"code":403,"message":"Compute Engine API has not been used in project 355587772198 before or it is disabled. Enable it by visiting https://console.developers.google.com/apis/api/compute.googleapis.com/overview?project=355587772198 then retry. If you enabled this API recently, wait a few minutes for the action to propagate to our systems and retry.","errors":[{"message":"Compute Engine API has not been used in project 355587772198 before or it is disabled. Enable it by visiting https://console.developers.google.com/apis/api/compute.googleapis.com/overview?project=355587772198 then retry. If you enabled this API recently, wait a few minutes for the action to propagate to our systems and retry.","domain":"usageLimits","reason":"accessNotConfigured","extendedHelp":"https://console.developers.google.com"}],"status":"PERMISSION_DENIED","details":[{"@type":"type.googleapis.com/google.rpc.ErrorInfo","reason":"SERVICE_DISABLED","domain":"googleapis.com","metadata":{"serviceTitle":"Compute Engine API","activationUrl":"https://console.developers.google.com/apis/api/compute.googleapis.com/overview?project=355587772198","service":"compute.googleapis.com","containerInfo":"355587772198","consumer":"projects/355587772198"}},{"@type":"type.googleapis.com/google.rpc.LocalizedMessage","locale":"en-US","message":"Compute Engine API has not been used in project 355587772198 before or it is disabled. Enable it by visiting https://console.developers.google.com/apis/api/compute.googleapis.com/overview?project=355587772198 then retry. If you enabled this API recently, wait a few minutes for the action to propagate to our systems and retry."},{"@type":"type.googleapis.com/google.rpc.Help","links":[{"description":"Google developers console API activation","url":"https://console.developers.google.com/apis/api/compute.googleapis.com/overview?project=355587772198"}]}]}},"response":{"statusCode":403}},"exit":1,"message":"Request to https://compute.googleapis.com/compute/v1/projects/355587772198 had HTTP Error: 403, Compute Engine API has not been used in project 355587772198 before or it is disabled. Enable it by visiting https://console.developers.google.com/apis/api/compute.googleapis.com/overview?project=355587772198 then retry. If you enabled this API recently, wait a few minutes for the action to propagate to our systems and retry.","status":403}
[debug] [2026-04-16T16:51:45.810Z] Checked if tokens are valid: true, expires at: 1776361697817
[debug] [2026-04-16T16:51:45.810Z] Checked if tokens are valid: true, expires at: 1776361697817
[debug] [2026-04-16T16:51:45.810Z] >>> [apiv2][query] POST https://firebasehosting.googleapis.com/v1beta1/projects/-/sites/jyp-mentor/versions [none]
[debug] [2026-04-16T16:51:45.810Z] >>> [apiv2][body] POST https://firebasehosting.googleapis.com/v1beta1/projects/-/sites/jyp-mentor/versions {"status":"CREATED","labels":{"deployment-tool":"cli-firebase","firebase-web-framework":"next_ssr"}}
[debug] [2026-04-16T16:51:47.997Z] <<< [apiv2][status] POST https://firebasehosting.googleapis.com/v1beta1/projects/-/sites/jyp-mentor/versions 200
[debug] [2026-04-16T16:51:47.997Z] <<< [apiv2][body] POST https://firebasehosting.googleapis.com/v1beta1/projects/-/sites/jyp-mentor/versions {"name":"projects/355587772198/sites/jyp-mentor/versions/2ea9473e93b52aa1","status":"CREATED","config":{},"labels":{"deployment-tool":"cli-firebase","firebase-web-framework":"next_ssr"}}
[debug] [2026-04-16T16:51:47.998Z] Checked if tokens are valid: true, expires at: 1776361697817
[debug] [2026-04-16T16:51:47.998Z] Checked if tokens are valid: true, expires at: 1776361697817
[debug] [2026-04-16T16:51:47.998Z] >>> [apiv2][query] GET https://cloudbilling.googleapis.com/v1/projects/jyp-mentor/billingInfo [none]
[debug] [2026-04-16T16:51:49.513Z] <<< [apiv2][status] GET https://cloudbilling.googleapis.com/v1/projects/jyp-mentor/billingInfo 200
[debug] [2026-04-16T16:51:49.514Z] <<< [apiv2][body] GET https://cloudbilling.googleapis.com/v1/projects/jyp-mentor/billingInfo {"name":"projects/jyp-mentor/billingInfo","projectId":"jyp-mentor","billingAccountName":"billingAccounts/010493-EA409C-DB45D3","billingEnabled":true}
[debug] [2026-04-16T16:51:49.532Z] Checked if tokens are valid: true, expires at: 1776361697817
[debug] [2026-04-16T16:51:49.532Z] Checked if tokens are valid: true, expires at: 1776361697817
[debug] [2026-04-16T16:51:49.532Z] >>> [apiv2][query] POST https://cloudfunctions.googleapis.com/v2/projects/jyp-mentor/locations/us-central1/functions:generateUploadUrl [none]
[debug] [2026-04-16T16:51:50.828Z] <<< [apiv2][status] POST https://cloudfunctions.googleapis.com/v2/projects/jyp-mentor/locations/us-central1/functions:generateUploadUrl 200
[debug] [2026-04-16T16:51:50.828Z] <<< [apiv2][body] POST https://cloudfunctions.googleapis.com/v2/projects/jyp-mentor/locations/us-central1/functions:generateUploadUrl {"uploadUrl":"https://storage.googleapis.com/gcf-v2-uploads-355587772198.us-central1.cloudfunctions.appspot.com/31d560c4-04aa-446d-a806-2e470f511126.zip?GoogleAccessId=service-355587772198@gcf-admin-robot.iam.gserviceaccount.com&Expires=1776360109&Signature=cihM41pQ5gUIqnc8LImczsDG9K0hVwCj7YKR%2F8pHYEYirvtRD1iReiIpW6RwUyhqL3ymKcd3gGk99QhIxxdMJ6atg7VzZrvdS0td8mvXa4qNl5m1JZktgbJugIlXy7kV%2BYzzG26Uz1g2kU0vEoNkD2G0PCcgVWR6AbY6X%2B4LfbAvTNmQsqnP19QmZdGYvZNtTefIqhR9zcALWM4eFbvV8ezgC5dSqTMs1kSCMfHppopBfaG8sC6F3yI1SJbjcWUNlhuZGPLkDQsTRK3MRqXfDzEgkXX9iPvb2l9q97A10ZmRwiWzA0vJfRq8QWWrw8mv6dwaZa7BeJO9SSRLyOowfA%3D%3D","storageSource":{"bucket":"gcf-v2-uploads-355587772198.us-central1.cloudfunctions.appspot.com","object":"31d560c4-04aa-446d-a806-2e470f511126.zip"}}
[debug] [2026-04-16T16:51:50.839Z] >>> [apiv2][query] PUT https://storage.googleapis.com/gcf-v2-uploads-355587772198.us-central1.cloudfunctions.appspot.com/31d560c4-04aa-446d-a806-2e470f511126.zip GoogleAccessId=service-355587772198%40gcf-admin-robot.iam.gserviceaccount.com&Expires=1776360109&Signature=cihM41pQ5gUIqnc8LImczsDG9K0hVwCj7YKR%2F8pHYEYirvtRD1iReiIpW6RwUyhqL3ymKcd3gGk99QhIxxdMJ6atg7VzZrvdS0td8mvXa4qNl5m1JZktgbJugIlXy7kV%2BYzzG26Uz1g2kU0vEoNkD2G0PCcgVWR6AbY6X%2B4LfbAvTNmQsqnP19QmZdGYvZNtTefIqhR9zcALWM4eFbvV8ezgC5dSqTMs1kSCMfHppopBfaG8sC6F3yI1SJbjcWUNlhuZGPLkDQsTRK3MRqXfDzEgkXX9iPvb2l9q97A10ZmRwiWzA0vJfRq8QWWrw8mv6dwaZa7BeJO9SSRLyOowfA%3D%3D
[debug] [2026-04-16T16:51:50.839Z] >>> [apiv2][body] PUT https://storage.googleapis.com/gcf-v2-uploads-355587772198.us-central1.cloudfunctions.appspot.com/31d560c4-04aa-446d-a806-2e470f511126.zip [stream]
